<?xml version="1.0" encoding="UTF-8"?>
<!-- Generated by org.testng.reporters.JUnitReportReporter -->
<testsuite name="org.question7.Question7" tests="2" time="221.937" ignored="0" failures="0" timestamp="26 Jan 2022 13:11:43 GMT" skipped="0" hostname="JYoga" errors="0">
  <testcase name="tc" time="150.244" classname="org.question7.Question7"/>
  <testcase name="tc" time="71.693" classname="org.question7.Question7"/>
</testsuite> <!-- org.question7.Question7 -->
