<?xml version="1.0" encoding="UTF-8"?>
<!-- Generated by org.testng.reporters.JUnitReportReporter -->
<testsuite skipped="0" hostname="JYoga" name="org.sample.SmokeSanity" tests="3" failures="0" timestamp="04 Jan 2022 03:31:06 GMT" time="0.053" errors="0">
  <testcase name="tc3" time="0.003" classname="org.sample.SmokeSanity"/>
  <testcase name="tc5" time="0.007" classname="org.sample.SmokeSanity"/>
  <testcase name="tc1" time="0.043" classname="org.sample.SmokeSanity"/>
</testsuite> <!-- org.sample.SmokeSanity -->
