<?xml version="1.0" encoding="UTF-8"?>
<!-- Generated by org.testng.reporters.JUnitReportReporter -->
<testsuite skipped="0" hostname="JYoga" name="org.question2.Question2" tests="1" failures="0" timestamp="05 Jan 2022 11:54:57 GMT" time="18.721" errors="0">
  <testcase name="redBus" time="18.721" classname="org.question2.Question2"/>
</testsuite> <!-- org.question2.Question2 -->
