<?xml version="1.0" encoding="UTF-8"?>
<!-- Generated by org.testng.reporters.JUnitReportReporter -->
<testsuite name="org.question6.CrossBrowser" tests="2" time="107.204" ignored="0" failures="0" timestamp="30 Mar 2022 10:15:47 GMT" skipped="0" hostname="JYoga" errors="0">
  <testcase name="tc1" time="55.215" classname="org.question6.CrossBrowser"/>
  <testcase name="tc1" time="51.989" classname="org.question6.CrossBrowser"/>
</testsuite> <!-- org.question6.CrossBrowser -->
