<?xml version="1.0" encoding="UTF-8"?>
<!-- Generated by org.testng.reporters.JUnitReportReporter -->
<testsuite name="org.question1.Question1" tests="1" time="3.973" ignored="0" failures="0" timestamp="17 Jan 2022 16:19:29 GMT" skipped="0" hostname="JYoga" errors="0">
  <testcase name="login" time="3.973" classname="org.question1.Question1"/>
</testsuite> <!-- org.question1.Question1 -->
