<?xml version="1.0" encoding="UTF-8"?>
<!-- Generated by org.testng.reporters.JUnitReportReporter -->
<testsuite skipped="0" hostname="JYoga" name="org.sample.Sample" tests="1" failures="0" timestamp="04 Jan 2022 15:07:21 GMT" time="0.029" errors="0">
  <testcase name="tc1" time="0.029" classname="org.sample.Sample"/>
</testsuite> <!-- org.sample.Sample -->
