<?xml version="1.0" encoding="UTF-8"?>
<!-- Generated by org.testng.reporters.JUnitReportReporter -->
<testsuite name="org.question8.Question8" tests="1" time="43.391" ignored="0" failures="0" timestamp="25 Jan 2022 12:04:46 GMT" skipped="0" hostname="JYoga" errors="0">
  <testcase name="tc" time="43.391" classname="org.question8.Question8"/>
</testsuite> <!-- org.question8.Question8 -->
