<?xml version="1.0" encoding="UTF-8"?>
<!-- Generated by org.testng.reporters.JUnitReportReporter -->
<testsuite name="org.question1.Question1" tests="1" time="1.004" ignored="0" failures="0" timestamp="25 Mar 2022 13:21:42 GMT" skipped="0" hostname="JYoga" errors="0">
  <testcase name="login" time="1.004" classname="org.question1.Question1"/>
</testsuite> <!-- org.question1.Question1 -->
