<?xml version="1.0" encoding="UTF-8"?>
<!-- Generated by org.testng.reporters.JUnitReportReporter -->
<testsuite name="org.question10.Question10" tests="1" time="2.057" ignored="0" failures="0" timestamp="20 Mar 2022 05:18:32 GMT" skipped="0" hostname="JYoga" errors="0">
  <testcase name="tc" time="2.057" classname="org.question10.Question10"/>
</testsuite> <!-- org.question10.Question10 -->
