<?xml version="1.0" encoding="UTF-8"?>
<!-- Generated by org.testng.reporters.JUnitReportReporter -->
<testsuite name="org.question6.CrossBrowser" tests="2" time="155.987" ignored="0" failures="0" timestamp="23 Jan 2022 17:18:43 GMT" skipped="0" hostname="JYoga" errors="0">
  <testcase name="tc1" time="81.129" classname="org.question6.CrossBrowser"/>
  <testcase name="tc1" time="74.858" classname="org.question6.CrossBrowser"/>
</testsuite> <!-- org.question6.CrossBrowser -->
