<?xml version="1.0" encoding="UTF-8"?>
<!-- Generated by org.testng.reporters.JUnitReportReporter -->
<testsuite name="org.question7.Question7" tests="2" time="73.397" ignored="0" failures="0" timestamp="24 Jan 2022 02:49:15 GMT" skipped="0" hostname="JYoga" errors="0">
  <testcase name="tc" time="30.485" classname="org.question7.Question7"/>
  <testcase name="tc" time="42.912" classname="org.question7.Question7"/>
</testsuite> <!-- org.question7.Question7 -->
