<?xml version="1.0" encoding="UTF-8"?>
<!-- Generated by org.testng.reporters.JUnitReportReporter -->
<testsuite name="org.question4.Question4" tests="1" time="7.941" ignored="0" failures="0" timestamp="23 Jan 2022 15:43:49 GMT" skipped="0" hostname="JYoga" errors="0">
  <testcase name="facebook" time="7.941" classname="org.question4.Question4"/>
</testsuite> <!-- org.question4.Question4 -->
